<?xml version="1.0" encoding="UTF-8"?>
<testng-results ignored="0" total="2" passed="2" failed="0" skipped="0">
  <reporter-output>
  </reporter-output>
  <suite started-at="2024-11-02T19:57:42 EDT" name="Default suite" finished-at="2024-11-02T19:57:45 EDT" duration-ms="3598">
    <groups>
    </groups>
    <test started-at="2024-11-02T19:57:42 EDT" name="Default test" finished-at="2024-11-02T19:57:45 EDT" duration-ms="3598">
      <class name="FakeStoreAPI.CreatefakeUserTest">
        <test-method signature="cretefakeUSer_withBuilderLombok()[pri:0, instance:FakeStoreAPI.CreatefakeUserTest@13fd2ccd]" started-at="2024-11-02T19:57:42 EDT" name="cretefakeUSer_withBuilderLombok" finished-at="2024-11-02T19:57:44 EDT" duration-ms="2704" status="PASS">
          <reporter-output>
          </reporter-output>
        </test-method> <!-- cretefakeUSer_withBuilderLombok -->
        <test-method signature="cretefakeUSer_withLombok()[pri:0, instance:FakeStoreAPI.CreatefakeUserTest@13fd2ccd]" started-at="2024-11-02T19:57:44 EDT" name="cretefakeUSer_withLombok" finished-at="2024-11-02T19:57:45 EDT" duration-ms="843" status="PASS">
          <reporter-output>
          </reporter-output>
        </test-method> <!-- cretefakeUSer_withLombok -->
      </class> <!-- FakeStoreAPI.CreatefakeUserTest -->
    </test> <!-- Default test -->
  </suite> <!-- Default suite -->
</testng-results>
